{
  "RSpec": {
    "coverage": {
      "/Users/YoungNguyen/Documents/Spring 2015/CS169/Project/iteration3-1/update2/redeemify/app/controllers/application_controller.rb": [
        1,
        null,
        null,
        1,
        1,
        null,
        1,
        null,
        1,
        6,
        null,
        1,
        null,
        1,
        null,
        null
      ],
      "/Users/YoungNguyen/Documents/Spring 2015/CS169/Project/iteration3-1/update2/redeemify/app/helpers/application_helper.rb": [
        1,
        null
      ],
      "/Users/YoungNguyen/Documents/Spring 2015/CS169/Project/iteration3-1/update2/redeemify/app/helpers/sessions_helper.rb": [
        1,
        null
      ],
      "/Users/YoungNguyen/Documents/Spring 2015/CS169/Project/iteration3-1/update2/redeemify/app/models/admin_user.rb": [
        1,
        null,
        null,
        1,
        null,
        null,
        null,
        1,
        null,
        null
      ],
      "/Users/YoungNguyen/Documents/Spring 2015/CS169/Project/iteration3-1/update2/redeemify/app/admin/admin_user.rb": [
        1,
        1,
        1,
        0,
        0,
        0,
        0,
        0,
        null,
        null,
        1,
        null,
        1,
        0,
        0,
        0,
        0,
        null,
        0,
        null,
        null
      ],
      "/Users/YoungNguyen/Documents/Spring 2015/CS169/Project/iteration3-1/update2/redeemify/app/admin/dashboard.rb": [
        1,
        null,
        1,
        null,
        1,
        0,
        0,
        0,
        0,
        null,
        null,
        null,
        null,
        null,
        null,
        null,
        null,
        null,
        null,
        null,
        null,
        null,
        null,
        null,
        null,
        null,
        null,
        null,
        null,
        null,
        null,
        null,
        null
      ],
      "/Users/YoungNguyen/Documents/Spring 2015/CS169/Project/iteration3-1/update2/redeemify/app/admin/provider_codes.rb": [
        1,
        1,
        1,
        null,
        0,
        0,
        0,
        0,
        0,
        null,
        1,
        1,
        1,
        null,
        1,
        null
      ],
      "/Users/YoungNguyen/Documents/Spring 2015/CS169/Project/iteration3-1/update2/redeemify/app/models/provider_code.rb": [
        1,
        1,
        1,
        1,
        null
      ],
      "/Users/YoungNguyen/Documents/Spring 2015/CS169/Project/iteration3-1/update2/redeemify/app/admin/providers.rb": [
        1,
        1,
        1,
        null,
        0,
        0,
        0,
        null,
        0,
        0,
        0,
        0,
        0,
        null,
        null,
        1,
        null,
        null,
        1,
        0,
        0,
        0,
        0,
        null,
        0,
        null,
        null
      ],
      "/Users/YoungNguyen/Documents/Spring 2015/CS169/Project/iteration3-1/update2/redeemify/app/models/provider.rb": [
        1,
        1,
        1,
        null,
        1,
        0,
        0,
        0,
        0,
        0,
        0,
        0,
        0,
        0,
        null,
        null,
        0,
        null,
        0,
        0,
        null,
        0,
        0,
        null,
        0,
        null,
        0,
        null,
        null,
        null,
        1,
        0,
        0,
        0,
        null,
        null,
        null,
        null,
        null,
        null
      ],
      "/Users/YoungNguyen/Documents/Spring 2015/CS169/Project/iteration3-1/update2/redeemify/app/admin/users.rb": [
        1,
        1,
        1,
        0,
        0,
        0,
        0,
        0,
        0,
        0,
        0,
        0,
        null,
        null,
        1,
        1,
        1,
        0,
        0,
        0,
        null,
        0,
        null,
        null
      ],
      "/Users/YoungNguyen/Documents/Spring 2015/CS169/Project/iteration3-1/update2/redeemify/app/models/user.rb": [
        1,
        1,
        1,
        9,
        9,
        9,
        9,
        9,
        null,
        null,
        null
      ],
      "/Users/YoungNguyen/Documents/Spring 2015/CS169/Project/iteration3-1/update2/redeemify/app/admin/vendor_codes.rb": [
        1,
        1,
        1,
        null,
        0,
        0,
        0,
        0,
        0,
        null,
        1,
        1,
        1,
        1,
        1,
        null
      ],
      "/Users/YoungNguyen/Documents/Spring 2015/CS169/Project/iteration3-1/update2/redeemify/app/models/vendor_code.rb": [
        1,
        1,
        1,
        1,
        null
      ],
      "/Users/YoungNguyen/Documents/Spring 2015/CS169/Project/iteration3-1/update2/redeemify/app/admin/vendors.rb": [
        1,
        1,
        1,
        0,
        0,
        0,
        0,
        0,
        0,
        0,
        0,
        null,
        0,
        0,
        0,
        0,
        0,
        null,
        null,
        1,
        null,
        null,
        1,
        0,
        0,
        0,
        0,
        0,
        null,
        0,
        null,
        null
      ],
      "/Users/YoungNguyen/Documents/Spring 2015/CS169/Project/iteration3-1/update2/redeemify/app/models/vendor.rb": [
        1,
        null,
        1,
        1,
        null,
        1,
        0,
        0,
        null,
        0,
        0,
        0,
        0,
        0,
        0,
        0,
        null,
        null,
        0,
        0,
        null,
        null,
        0,
        0,
        null,
        0,
        null,
        null,
        0,
        null,
        0,
        null,
        null,
        null,
        null,
        null,
        null,
        null,
        null,
        null,
        null,
        null,
        null,
        null,
        null,
        1,
        null,
        null,
        null,
        null,
        0,
        null,
        null,
        1,
        0,
        0,
        0,
        null,
        null,
        null,
        null
      ],
      "/Users/YoungNguyen/Documents/Spring 2015/CS169/Project/iteration3-1/update2/redeemify/app/controllers/providers_controller.rb": [
        1,
        null,
        1,
        null,
        null,
        null,
        1,
        0,
        0,
        0,
        null,
        0,
        null,
        0,
        null,
        null,
        null,
        null,
        1,
        0,
        0,
        null,
        0,
        0,
        null,
        null,
        0,
        0,
        0,
        null,
        0,
        0,
        0,
        0,
        null,
        null,
        0,
        null,
        null,
        null,
        null,
        1,
        0,
        0,
        null,
        null,
        null,
        1,
        0,
        0,
        0,
        null,
        null,
        null,
        null,
        1,
        null,
        null,
        1,
        null,
        null,
        null,
        null,
        1,
        null,
        null,
        1,
        null,
        null,
        1,
        null,
        null,
        1,
        null,
        null,
        1,
        null,
        null,
        1,
        null,
        null,
        null,
        null
      ],
      "/Users/YoungNguyen/Documents/Spring 2015/CS169/Project/iteration3-1/update2/redeemify/app/controllers/sessions_controller.rb": [
        1,
        null,
        1,
        4,
        0,
        null,
        4,
        2,
        null,
        null,
        2,
        2,
        null,
        0,
        null,
        null,
        null,
        null,
        null,
        1,
        null,
        9,
        null,
        9,
        9,
        0,
        0,
        null,
        null,
        9,
        null,
        null,
        9,
        null,
        null,
        null,
        null,
        0,
        0,
        null,
        9,
        null,
        9,
        9,
        null,
        null,
        9,
        null,
        null,
        0,
        null,
        null,
        null,
        null,
        null,
        null,
        1,
        3,
        2,
        null,
        2,
        null,
        2,
        2,
        2,
        null,
        0,
        0,
        null,
        0,
        0,
        null,
        0,
        null,
        0,
        0,
        0,
        0,
        0,
        0,
        0,
        0,
        0,
        0,
        0,
        null,
        0,
        null,
        null,
        null,
        null,
        2,
        null,
        null,
        null,
        null,
        0,
        0,
        null,
        0,
        null,
        0,
        0,
        0,
        0,
        0,
        0,
        0,
        null,
        null,
        null,
        null,
        3,
        0,
        null,
        null,
        null,
        null,
        1,
        2,
        2,
        2,
        2,
        null,
        null,
        1,
        1,
        null,
        null,
        1,
        0,
        0,
        null,
        null,
        1,
        null,
        null,
        1,
        null,
        null,
        1,
        null,
        null,
        1,
        null,
        null,
        1,
        null,
        null,
        1,
        null,
        null,
        null,
        null
      ],
      "/Users/YoungNguyen/Documents/Spring 2015/CS169/Project/iteration3-1/update2/redeemify/app/controllers/vendors_controller.rb": [
        1,
        null,
        1,
        null,
        null,
        null,
        1,
        0,
        0,
        0,
        null,
        null,
        null,
        null,
        null,
        null,
        null,
        null,
        null,
        0,
        null,
        0,
        null,
        null,
        null,
        null,
        1,
        1,
        1,
        1,
        null,
        null,
        null,
        0,
        null,
        0,
        0,
        null,
        null,
        0,
        0,
        0,
        null,
        null,
        null,
        0,
        0,
        0,
        0,
        null,
        null,
        0,
        null,
        null,
        null,
        null,
        null,
        1,
        0,
        0,
        null,
        null,
        1,
        0,
        0,
        null,
        null,
        null,
        1,
        0,
        0,
        null,
        null,
        1,
        0,
        0,
        0,
        null,
        null,
        0,
        0,
        0,
        null,
        0,
        0,
        null,
        0,
        0,
        null,
        0,
        0,
        null,
        0,
        0,
        null,
        null,
        1,
        0,
        0,
        0,
        null,
        null,
        1,
        0,
        0,
        0,
        0,
        null,
        0,
        0,
        0,
        null,
        0,
        null,
        null,
        null,
        null,
        null,
        1,
        null,
        null,
        1,
        null,
        null,
        1,
        0,
        0,
        0,
        0,
        null,
        null,
        1,
        null,
        null,
        1,
        null,
        null,
        1,
        null,
        null,
        1,
        null,
        null,
        1,
        null,
        null,
        1,
        null,
        null,
        null,
        null
      ]
    },
    "timestamp": 1429243626
  },
  "Cucumber Features": {
    "coverage": {
      "/Users/YoungNguyen/Documents/Spring 2015/CS169/Project/iteration3-1/update2/redeemify/app/controllers/application_controller.rb": [
        1,
        null,
        null,
        1,
        1,
        null,
        1,
        null,
        1,
        59,
        null,
        1,
        null,
        1,
        null,
        null
      ],
      "/Users/YoungNguyen/Documents/Spring 2015/CS169/Project/iteration3-1/update2/redeemify/app/helpers/application_helper.rb": [
        1,
        null
      ],
      "/Users/YoungNguyen/Documents/Spring 2015/CS169/Project/iteration3-1/update2/redeemify/app/helpers/sessions_helper.rb": [
        1,
        null
      ],
      "/Users/YoungNguyen/Documents/Spring 2015/CS169/Project/iteration3-1/update2/redeemify/app/models/admin_user.rb": [
        1,
        null,
        null,
        1,
        null,
        null,
        null,
        1,
        null,
        null
      ],
      "/Users/YoungNguyen/Documents/Spring 2015/CS169/Project/iteration3-1/update2/redeemify/app/admin/admin_user.rb": [
        1,
        1,
        1,
        0,
        0,
        0,
        0,
        0,
        null,
        null,
        1,
        null,
        1,
        0,
        0,
        0,
        0,
        null,
        0,
        null,
        null
      ],
      "/Users/YoungNguyen/Documents/Spring 2015/CS169/Project/iteration3-1/update2/redeemify/app/admin/dashboard.rb": [
        1,
        null,
        1,
        null,
        1,
        0,
        0,
        0,
        0,
        null,
        null,
        null,
        null,
        null,
        null,
        null,
        null,
        null,
        null,
        null,
        null,
        null,
        null,
        null,
        null,
        null,
        null,
        null,
        null,
        null,
        null,
        null,
        null
      ],
      "/Users/YoungNguyen/Documents/Spring 2015/CS169/Project/iteration3-1/update2/redeemify/app/admin/provider_codes.rb": [
        1,
        1,
        1,
        null,
        0,
        0,
        0,
        0,
        0,
        null,
        1,
        1,
        1,
        null,
        1,
        null
      ],
      "/Users/YoungNguyen/Documents/Spring 2015/CS169/Project/iteration3-1/update2/redeemify/app/models/provider_code.rb": [
        1,
        1,
        1,
        1,
        null
      ],
      "/Users/YoungNguyen/Documents/Spring 2015/CS169/Project/iteration3-1/update2/redeemify/app/admin/providers.rb": [
        1,
        1,
        1,
        null,
        0,
        0,
        0,
        null,
        0,
        0,
        0,
        0,
        0,
        null,
        null,
        1,
        null,
        null,
        1,
        0,
        0,
        0,
        0,
        null,
        0,
        null,
        null
      ],
      "/Users/YoungNguyen/Documents/Spring 2015/CS169/Project/iteration3-1/update2/redeemify/app/models/provider.rb": [
        1,
        1,
        1,
        null,
        1,
        0,
        0,
        0,
        0,
        0,
        0,
        0,
        0,
        0,
        null,
        null,
        0,
        null,
        0,
        0,
        null,
        0,
        0,
        null,
        0,
        null,
        0,
        null,
        null,
        null,
        1,
        0,
        0,
        0,
        null,
        null,
        null,
        null,
        null,
        null
      ],
      "/Users/YoungNguyen/Documents/Spring 2015/CS169/Project/iteration3-1/update2/redeemify/app/admin/users.rb": [
        1,
        1,
        1,
        0,
        0,
        0,
        0,
        0,
        0,
        0,
        0,
        0,
        null,
        null,
        1,
        1,
        1,
        0,
        0,
        0,
        null,
        0,
        null,
        null
      ],
      "/Users/YoungNguyen/Documents/Spring 2015/CS169/Project/iteration3-1/update2/redeemify/app/models/user.rb": [
        1,
        1,
        1,
        4,
        4,
        4,
        4,
        4,
        null,
        null,
        null
      ],
      "/Users/YoungNguyen/Documents/Spring 2015/CS169/Project/iteration3-1/update2/redeemify/app/admin/vendor_codes.rb": [
        1,
        1,
        1,
        null,
        0,
        0,
        0,
        0,
        0,
        null,
        1,
        1,
        1,
        1,
        1,
        null
      ],
      "/Users/YoungNguyen/Documents/Spring 2015/CS169/Project/iteration3-1/update2/redeemify/app/models/vendor_code.rb": [
        1,
        1,
        1,
        1,
        null
      ],
      "/Users/YoungNguyen/Documents/Spring 2015/CS169/Project/iteration3-1/update2/redeemify/app/admin/vendors.rb": [
        1,
        1,
        1,
        0,
        0,
        0,
        0,
        0,
        0,
        0,
        0,
        null,
        0,
        0,
        0,
        0,
        0,
        null,
        null,
        1,
        null,
        null,
        1,
        0,
        0,
        0,
        0,
        0,
        null,
        0,
        null,
        null
      ],
      "/Users/YoungNguyen/Documents/Spring 2015/CS169/Project/iteration3-1/update2/redeemify/app/models/vendor.rb": [
        1,
        null,
        1,
        1,
        null,
        1,
        0,
        0,
        null,
        0,
        0,
        0,
        0,
        0,
        0,
        0,
        null,
        null,
        0,
        0,
        null,
        null,
        0,
        0,
        null,
        0,
        null,
        null,
        0,
        null,
        0,
        null,
        null,
        null,
        null,
        null,
        null,
        null,
        null,
        null,
        null,
        null,
        null,
        null,
        null,
        1,
        null,
        null,
        null,
        null,
        0,
        null,
        null,
        1,
        0,
        0,
        0,
        null,
        null,
        null,
        null
      ],
      "/Users/YoungNguyen/Documents/Spring 2015/CS169/Project/iteration3-1/update2/redeemify/app/controllers/providers_controller.rb": [
        1,
        null,
        1,
        null,
        null,
        null,
        1,
        0,
        0,
        0,
        null,
        0,
        null,
        0,
        null,
        null,
        null,
        null,
        1,
        0,
        0,
        null,
        0,
        0,
        null,
        null,
        0,
        0,
        0,
        null,
        0,
        0,
        0,
        0,
        null,
        null,
        0,
        null,
        null,
        null,
        null,
        1,
        0,
        0,
        null,
        null,
        null,
        1,
        0,
        0,
        0,
        null,
        null,
        null,
        null,
        1,
        null,
        null,
        1,
        null,
        null,
        null,
        null,
        1,
        null,
        null,
        1,
        null,
        null,
        1,
        null,
        null,
        1,
        null,
        null,
        1,
        null,
        null,
        1,
        null,
        null,
        null,
        null
      ],
      "/Users/YoungNguyen/Documents/Spring 2015/CS169/Project/iteration3-1/update2/redeemify/app/controllers/sessions_controller.rb": [
        1,
        null,
        1,
        19,
        0,
        null,
        19,
        12,
        null,
        null,
        7,
        7,
        null,
        0,
        null,
        null,
        null,
        null,
        null,
        1,
        null,
        9,
        null,
        9,
        9,
        0,
        0,
        null,
        null,
        9,
        null,
        null,
        9,
        null,
        null,
        null,
        null,
        5,
        5,
        null,
        4,
        null,
        4,
        4,
        null,
        null,
        4,
        null,
        null,
        0,
        null,
        null,
        null,
        null,
        null,
        null,
        1,
        3,
        3,
        null,
        3,
        null,
        3,
        3,
        3,
        null,
        0,
        0,
        null,
        0,
        0,
        null,
        0,
        null,
        0,
        0,
        0,
        0,
        0,
        0,
        0,
        0,
        0,
        0,
        0,
        null,
        0,
        null,
        null,
        null,
        null,
        3,
        null,
        null,
        null,
        null,
        0,
        0,
        null,
        0,
        null,
        0,
        0,
        0,
        0,
        0,
        0,
        0,
        null,
        null,
        null,
        null,
        3,
        0,
        null,
        null,
        null,
        null,
        1,
        1,
        1,
        1,
        1,
        null,
        null,
        1,
        1,
        null,
        null,
        1,
        0,
        0,
        null,
        null,
        1,
        null,
        null,
        1,
        null,
        null,
        1,
        null,
        null,
        1,
        null,
        null,
        1,
        null,
        null,
        1,
        null,
        null,
        null,
        null
      ],
      "/Users/YoungNguyen/Documents/Spring 2015/CS169/Project/iteration3-1/update2/redeemify/app/controllers/vendors_controller.rb": [
        1,
        null,
        1,
        null,
        null,
        null,
        1,
        0,
        0,
        0,
        null,
        null,
        null,
        null,
        null,
        null,
        null,
        null,
        null,
        0,
        null,
        0,
        null,
        null,
        null,
        null,
        1,
        5,
        5,
        5,
        null,
        null,
        null,
        0,
        null,
        0,
        0,
        null,
        null,
        0,
        0,
        0,
        null,
        null,
        null,
        0,
        0,
        0,
        0,
        null,
        null,
        0,
        null,
        null,
        null,
        null,
        null,
        1,
        0,
        0,
        null,
        null,
        1,
        0,
        0,
        null,
        null,
        null,
        1,
        5,
        5,
        null,
        null,
        1,
        0,
        0,
        0,
        null,
        null,
        0,
        0,
        0,
        null,
        0,
        0,
        null,
        0,
        0,
        null,
        0,
        0,
        null,
        0,
        0,
        null,
        null,
        1,
        0,
        0,
        0,
        null,
        null,
        1,
        0,
        0,
        0,
        0,
        null,
        0,
        0,
        0,
        null,
        0,
        null,
        null,
        null,
        null,
        null,
        1,
        null,
        null,
        1,
        null,
        null,
        1,
        0,
        0,
        0,
        0,
        null,
        null,
        1,
        null,
        null,
        1,
        null,
        null,
        1,
        null,
        null,
        1,
        null,
        null,
        1,
        null,
        null,
        1,
        null,
        null,
        null,
        null
      ]
    },
    "timestamp": 1429243603
  }
}
