{
  "RSpec": {
    "coverage": {
      "/home/saasbook/Desktop/Redeemify3/redeemify/app/controllers/application_controller.rb": [
        1,
        null,
        null,
        1,
        1,
        null,
        1,
        null,
        1,
        3,
        null,
        1,
        null,
        1,
        null,
        null
      ],
      "/home/saasbook/Desktop/Redeemify3/redeemify/app/helpers/application_helper.rb": [
        1,
        null
      ],
      "/home/saasbook/Desktop/Redeemify3/redeemify/app/helpers/sessions_helper.rb": [
        1,
        null
      ],
      "/home/saasbook/Desktop/Redeemify3/redeemify/app/controllers/sessions_controller.rb": [
        1,
        null,
        1,
        null,
        3,
        3,
        null,
        0,
        0,
        null,
        0,
        null,
        null,
        null,
        null,
        1,
        0,
        0,
        null,
        0,
        0,
        null,
        0,
        null,
        null,
        null,
        null,
        1,
        null,
        5,
        5,
        5,
        5,
        null,
        5,
        null,
        null,
        0,
        0,
        null,
        null,
        null,
        null,
        null,
        null,
        null,
        1,
        null,
        null,
        null,
        1,
        0,
        0,
        0,
        0,
        0,
        null,
        0,
        null,
        null,
        null,
        null,
        1,
        0,
        null,
        null,
        null,
        1,
        null,
        null,
        null,
        null,
        null,
        null,
        null,
        null,
        null,
        null,
        null,
        1,
        null,
        null,
        null,
        null,
        null,
        1,
        2,
        2,
        null,
        null,
        1,
        0,
        null,
        null,
        null,
        null
      ],
      "/home/saasbook/Desktop/Redeemify3/redeemify/app/controllers/vendors_controller.rb": [
        1,
        1,
        null,
        0,
        null,
        1,
        0,
        null,
        null,
        null,
        1,
        null,
        null,
        null,
        1,
        0,
        0,
        null,
        null,
        0,
        null,
        null,
        null,
        1,
        null,
        null,
        null,
        null,
        null,
        null,
        null,
        null,
        null,
        null,
        1,
        null,
        null,
        null,
        1,
        null,
        null,
        null,
        null,
        null,
        1,
        0,
        0,
        null,
        null,
        1,
        0,
        null,
        null,
        null,
        null
      ],
      "/home/saasbook/Desktop/Redeemify3/redeemify/app/models/vendor.rb": [
        1,
        1,
        0,
        null,
        null,
        1,
        0,
        0,
        0,
        0,
        0,
        null,
        null,
        null
      ],
      "/home/saasbook/Desktop/Redeemify3/redeemify/app/models/user.rb": [
        1,
        null,
        null,
        null,
        null,
        1,
        5,
        5,
        5,
        5,
        5,
        null,
        null,
        null
      ]
    },
    "timestamp": 1426203621
  },
  "Cucumber Features": {
    "coverage": {
    },
    "timestamp": 1426204793
  }
}
